[2026-02-13T06:36:25.347Z] Premium TTS Failed: SyntaxError: Expected property name or '}' in JSON at position 1 (line 1 column 2)
    at JSON.parse (<anonymous>)
    at POST (D:\2026\SID\Sistem Informasi\alihaudio\.next\dev\server\chunks\[root-of-the-server]__1c226114._.js:192:42)
    at process.processTicksAndRejections (node:internal/process/task_queues:103:5)
    at async AppRouteRouteModule.do (D:\2026\SID\Sistem Informasi\alihaudio\node_modules\next\dist\compiled\next-server\app-route-turbo.runtime.dev.js:5:37866)
    at async AppRouteRouteModule.handle (D:\2026\SID\Sistem Informasi\alihaudio\node_modules\next\dist\compiled\next-server\app-route-turbo.runtime.dev.js:5:45156)
    at async responseGenerator (D:\2026\SID\Sistem Informasi\alihaudio\.next\dev\server\chunks\node_modules_next_193352f2._.js:15344:38)
    at async AppRouteRouteModule.handleResponse (D:\2026\SID\Sistem Informasi\alihaudio\node_modules\next\dist\compiled\next-server\app-route-turbo.runtime.dev.js:1:191938)
    at async handleResponse (D:\2026\SID\Sistem Informasi\alihaudio\.next\dev\server\chunks\node_modules_next_193352f2._.js:15407:32)
    at async Module.handler (D:\2026\SID\Sistem Informasi\alihaudio\.next\dev\server\chunks\node_modules_next_193352f2._.js:15460:13)
    at async DevServer.renderToResponseWithComponentsImpl (D:\2026\SID\Sistem Informasi\alihaudio\node_modules\next\dist\server\base-server.js:1442:9)
    at async DevServer.renderPageComponent (D:\2026\SID\Sistem Informasi\alihaudio\node_modules\next\dist\server\base-server.js:1494:24)
    at async DevServer.renderToResponseImpl (D:\2026\SID\Sistem Informasi\alihaudio\node_modules\next\dist\server\base-server.js:1544:32)
    at async DevServer.pipeImpl (D:\2026\SID\Sistem Informasi\alihaudio\node_modules\next\dist\server\base-server.js:1038:25)
    at async NextNodeServer.handleCatchallRenderRequest (D:\2026\SID\Sistem Informasi\alihaudio\node_modules\next\dist\server\next-server.js:395:17)
    at async DevServer.handleRequestImpl (D:\2026\SID\Sistem Informasi\alihaudio\node_modules\next\dist\server\base-server.js:929:17)
    at async D:\2026\SID\Sistem Informasi\alihaudio\node_modules\next\dist\server\dev\next-dev-server.js:387:20
    at async Span.traceAsyncFn (D:\2026\SID\Sistem Informasi\alihaudio\node_modules\next\dist\trace\trace.js:157:20)
    at async DevServer.handleRequest (D:\2026\SID\Sistem Informasi\alihaudio\node_modules\next\dist\server\dev\next-dev-server.js:383:24)
    at async invokeRender (D:\2026\SID\Sistem Informasi\alihaudio\node_modules\next\dist\server\lib\router-server.js:248:21)
    at async handleRequest (D:\2026\SID\Sistem Informasi\alihaudio\node_modules\next\dist\server\lib\router-server.js:447:24)
    at async requestHandlerImpl (D:\2026\SID\Sistem Informasi\alihaudio\node_modules\next\dist\server\lib\router-server.js:496:13)
    at async Server.requestListener (D:\2026\SID\Sistem Informasi\alihaudio\node_modules\next\dist\server\lib\start-server.js:226:13)
[2026-02-13T06:37:07.443Z] Premium TTS Failed: SyntaxError: Expected property name or '}' in JSON at position 1 (line 1 column 2)
    at JSON.parse (<anonymous>)
    at POST (D:\2026\SID\Sistem Informasi\alihaudio\.next\dev\server\chunks\[root-of-the-server]__1c226114._.js:192:42)
    at process.processTicksAndRejections (node:internal/process/task_queues:103:5)
    at async AppRouteRouteModule.do (D:\2026\SID\Sistem Informasi\alihaudio\node_modules\next\dist\compiled\next-server\app-route-turbo.runtime.dev.js:5:37866)
    at async AppRouteRouteModule.handle (D:\2026\SID\Sistem Informasi\alihaudio\node_modules\next\dist\compiled\next-server\app-route-turbo.runtime.dev.js:5:45156)
    at async responseGenerator (D:\2026\SID\Sistem Informasi\alihaudio\.next\dev\server\chunks\node_modules_next_193352f2._.js:15344:38)
    at async AppRouteRouteModule.handleResponse (D:\2026\SID\Sistem Informasi\alihaudio\node_modules\next\dist\compiled\next-server\app-route-turbo.runtime.dev.js:1:191938)
    at async handleResponse (D:\2026\SID\Sistem Informasi\alihaudio\.next\dev\server\chunks\node_modules_next_193352f2._.js:15407:32)
    at async Module.handler (D:\2026\SID\Sistem Informasi\alihaudio\.next\dev\server\chunks\node_modules_next_193352f2._.js:15460:13)
    at async DevServer.renderToResponseWithComponentsImpl (D:\2026\SID\Sistem Informasi\alihaudio\node_modules\next\dist\server\base-server.js:1442:9)
    at async DevServer.renderPageComponent (D:\2026\SID\Sistem Informasi\alihaudio\node_modules\next\dist\server\base-server.js:1494:24)
    at async DevServer.renderToResponseImpl (D:\2026\SID\Sistem Informasi\alihaudio\node_modules\next\dist\server\base-server.js:1544:32)
    at async DevServer.pipeImpl (D:\2026\SID\Sistem Informasi\alihaudio\node_modules\next\dist\server\base-server.js:1038:25)
    at async NextNodeServer.handleCatchallRenderRequest (D:\2026\SID\Sistem Informasi\alihaudio\node_modules\next\dist\server\next-server.js:395:17)
    at async DevServer.handleRequestImpl (D:\2026\SID\Sistem Informasi\alihaudio\node_modules\next\dist\server\base-server.js:929:17)
    at async D:\2026\SID\Sistem Informasi\alihaudio\node_modules\next\dist\server\dev\next-dev-server.js:387:20
    at async Span.traceAsyncFn (D:\2026\SID\Sistem Informasi\alihaudio\node_modules\next\dist\trace\trace.js:157:20)
    at async DevServer.handleRequest (D:\2026\SID\Sistem Informasi\alihaudio\node_modules\next\dist\server\dev\next-dev-server.js:383:24)
    at async invokeRender (D:\2026\SID\Sistem Informasi\alihaudio\node_modules\next\dist\server\lib\router-server.js:248:21)
    at async handleRequest (D:\2026\SID\Sistem Informasi\alihaudio\node_modules\next\dist\server\lib\router-server.js:447:24)
    at async requestHandlerImpl (D:\2026\SID\Sistem Informasi\alihaudio\node_modules\next\dist\server\lib\router-server.js:496:13)
    at async Server.requestListener (D:\2026\SID\Sistem Informasi\alihaudio\node_modules\next\dist\server\lib\start-server.js:226:13)
[2026-02-13T06:37:10.406Z] Premium TTS Failed: SyntaxError: Expected property name or '}' in JSON at position 1 (line 1 column 2)
    at JSON.parse (<anonymous>)
    at POST (D:\2026\SID\Sistem Informasi\alihaudio\.next\dev\server\chunks\[root-of-the-server]__1c226114._.js:192:42)
    at process.processTicksAndRejections (node:internal/process/task_queues:103:5)
    at async AppRouteRouteModule.do (D:\2026\SID\Sistem Informasi\alihaudio\node_modules\next\dist\compiled\next-server\app-route-turbo.runtime.dev.js:5:37866)
    at async AppRouteRouteModule.handle (D:\2026\SID\Sistem Informasi\alihaudio\node_modules\next\dist\compiled\next-server\app-route-turbo.runtime.dev.js:5:45156)
    at async responseGenerator (D:\2026\SID\Sistem Informasi\alihaudio\.next\dev\server\chunks\node_modules_next_193352f2._.js:15344:38)
    at async AppRouteRouteModule.handleResponse (D:\2026\SID\Sistem Informasi\alihaudio\node_modules\next\dist\compiled\next-server\app-route-turbo.runtime.dev.js:1:191938)
    at async handleResponse (D:\2026\SID\Sistem Informasi\alihaudio\.next\dev\server\chunks\node_modules_next_193352f2._.js:15407:32)
    at async Module.handler (D:\2026\SID\Sistem Informasi\alihaudio\.next\dev\server\chunks\node_modules_next_193352f2._.js:15460:13)
    at async DevServer.renderToResponseWithComponentsImpl (D:\2026\SID\Sistem Informasi\alihaudio\node_modules\next\dist\server\base-server.js:1442:9)
    at async DevServer.renderPageComponent (D:\2026\SID\Sistem Informasi\alihaudio\node_modules\next\dist\server\base-server.js:1494:24)
    at async DevServer.renderToResponseImpl (D:\2026\SID\Sistem Informasi\alihaudio\node_modules\next\dist\server\base-server.js:1544:32)
    at async DevServer.pipeImpl (D:\2026\SID\Sistem Informasi\alihaudio\node_modules\next\dist\server\base-server.js:1038:25)
    at async NextNodeServer.handleCatchallRenderRequest (D:\2026\SID\Sistem Informasi\alihaudio\node_modules\next\dist\server\next-server.js:395:17)
    at async DevServer.handleRequestImpl (D:\2026\SID\Sistem Informasi\alihaudio\node_modules\next\dist\server\base-server.js:929:17)
    at async D:\2026\SID\Sistem Informasi\alihaudio\node_modules\next\dist\server\dev\next-dev-server.js:387:20
    at async Span.traceAsyncFn (D:\2026\SID\Sistem Informasi\alihaudio\node_modules\next\dist\trace\trace.js:157:20)
    at async DevServer.handleRequest (D:\2026\SID\Sistem Informasi\alihaudio\node_modules\next\dist\server\dev\next-dev-server.js:383:24)
    at async invokeRender (D:\2026\SID\Sistem Informasi\alihaudio\node_modules\next\dist\server\lib\router-server.js:248:21)
    at async handleRequest (D:\2026\SID\Sistem Informasi\alihaudio\node_modules\next\dist\server\lib\router-server.js:447:24)
    at async requestHandlerImpl (D:\2026\SID\Sistem Informasi\alihaudio\node_modules\next\dist\server\lib\router-server.js:496:13)
    at async Server.requestListener (D:\2026\SID\Sistem Informasi\alihaudio\node_modules\next\dist\server\lib\start-server.js:226:13)
[2026-02-13T06:38:24.870Z] Premium TTS Failed: SyntaxError: Expected property name or '}' in JSON at position 1 (line 1 column 2)
    at JSON.parse (<anonymous>)
    at POST (D:\2026\SID\Sistem Informasi\alihaudio\.next\dev\server\chunks\[root-of-the-server]__1c226114._.js:192:42)
    at process.processTicksAndRejections (node:internal/process/task_queues:103:5)
    at async AppRouteRouteModule.do (D:\2026\SID\Sistem Informasi\alihaudio\node_modules\next\dist\compiled\next-server\app-route-turbo.runtime.dev.js:5:37866)
    at async AppRouteRouteModule.handle (D:\2026\SID\Sistem Informasi\alihaudio\node_modules\next\dist\compiled\next-server\app-route-turbo.runtime.dev.js:5:45156)
    at async responseGenerator (D:\2026\SID\Sistem Informasi\alihaudio\.next\dev\server\chunks\node_modules_next_193352f2._.js:15344:38)
    at async AppRouteRouteModule.handleResponse (D:\2026\SID\Sistem Informasi\alihaudio\node_modules\next\dist\compiled\next-server\app-route-turbo.runtime.dev.js:1:191938)
    at async handleResponse (D:\2026\SID\Sistem Informasi\alihaudio\.next\dev\server\chunks\node_modules_next_193352f2._.js:15407:32)
    at async Module.handler (D:\2026\SID\Sistem Informasi\alihaudio\.next\dev\server\chunks\node_modules_next_193352f2._.js:15460:13)
    at async DevServer.renderToResponseWithComponentsImpl (D:\2026\SID\Sistem Informasi\alihaudio\node_modules\next\dist\server\base-server.js:1442:9)
    at async DevServer.renderPageComponent (D:\2026\SID\Sistem Informasi\alihaudio\node_modules\next\dist\server\base-server.js:1494:24)
    at async DevServer.renderToResponseImpl (D:\2026\SID\Sistem Informasi\alihaudio\node_modules\next\dist\server\base-server.js:1544:32)
    at async DevServer.pipeImpl (D:\2026\SID\Sistem Informasi\alihaudio\node_modules\next\dist\server\base-server.js:1038:25)
    at async NextNodeServer.handleCatchallRenderRequest (D:\2026\SID\Sistem Informasi\alihaudio\node_modules\next\dist\server\next-server.js:395:17)
    at async DevServer.handleRequestImpl (D:\2026\SID\Sistem Informasi\alihaudio\node_modules\next\dist\server\base-server.js:929:17)
    at async D:\2026\SID\Sistem Informasi\alihaudio\node_modules\next\dist\server\dev\next-dev-server.js:387:20
    at async Span.traceAsyncFn (D:\2026\SID\Sistem Informasi\alihaudio\node_modules\next\dist\trace\trace.js:157:20)
    at async DevServer.handleRequest (D:\2026\SID\Sistem Informasi\alihaudio\node_modules\next\dist\server\dev\next-dev-server.js:383:24)
    at async invokeRender (D:\2026\SID\Sistem Informasi\alihaudio\node_modules\next\dist\server\lib\router-server.js:248:21)
    at async handleRequest (D:\2026\SID\Sistem Informasi\alihaudio\node_modules\next\dist\server\lib\router-server.js:447:24)
    at async requestHandlerImpl (D:\2026\SID\Sistem Informasi\alihaudio\node_modules\next\dist\server\lib\router-server.js:496:13)
    at async Server.requestListener (D:\2026\SID\Sistem Informasi\alihaudio\node_modules\next\dist\server\lib\start-server.js:226:13)
[2026-02-13T06:40:57.367Z] General TTS Error: SyntaxError: Expected property name or '}' in JSON at position 1 (line 1 column 2)
    at JSON.parse (<anonymous>)
    at parseJSONFromBytes (node:internal/deps/undici/undici:4259:19)
    at successSteps (node:internal/deps/undici/undici:6882:27)
    at readAllBytes (node:internal/deps/undici/undici:5807:13)
    at process.processTicksAndRejections (node:internal/process/task_queues:103:5)
[2026-02-13T06:41:56.695Z] General TTS Error: SyntaxError: Expected property name or '}' in JSON at position 1 (line 1 column 2)
    at JSON.parse (<anonymous>)
    at parseJSONFromBytes (node:internal/deps/undici/undici:4259:19)
    at successSteps (node:internal/deps/undici/undici:6882:27)
    at readAllBytes (node:internal/deps/undici/undici:5807:13)
    at process.processTicksAndRejections (node:internal/process/task_queues:103:5)
[2026-02-13T06:42:10.924Z] General TTS Error: SyntaxError: Expected property name or '}' in JSON at position 1 (line 1 column 2)
    at JSON.parse (<anonymous>)
    at parseJSONFromBytes (node:internal/deps/undici/undici:4259:19)
    at successSteps (node:internal/deps/undici/undici:6882:27)
    at readAllBytes (node:internal/deps/undici/undici:5807:13)
    at process.processTicksAndRejections (node:internal/process/task_queues:103:5)
[2026-02-13T06:45:00.116Z] Premium TTS Failed: Error: 2 UNKNOWN: Getting metadata from plugin failed with error: error:1E08010C:DECODER routines::unsupported
    at callErrorFromStatus (D:\2026\SID\Sistem Informasi\alihaudio\.next\dev\server\chunks\node_modules_@grpc_grpc-js_4855aa55._.js:2866:19)
    at Object.onReceiveStatus (D:\2026\SID\Sistem Informasi\alihaudio\.next\dev\server\chunks\node_modules_@grpc_grpc-js_4855aa55._.js:3695:76)
    at Object.onReceiveStatus (D:\2026\SID\Sistem Informasi\alihaudio\.next\dev\server\chunks\node_modules_@grpc_grpc-js_4855aa55._.js:3448:141)
    at Object.onReceiveStatus (D:\2026\SID\Sistem Informasi\alihaudio\.next\dev\server\chunks\node_modules_@grpc_grpc-js_4855aa55._.js:3409:181)
    at D:\2026\SID\Sistem Informasi\alihaudio\.next\dev\server\chunks\node_modules_@grpc_grpc-js_4855aa55._.js:8236:78
    at process.processTicksAndRejections (node:internal/process/task_queues:84:11)
for call at
    at ServiceClientImpl.makeUnaryRequest (D:\2026\SID\Sistem Informasi\alihaudio\.next\dev\server\chunks\node_modules_@grpc_grpc-js_4855aa55._.js:3665:32)
    at ServiceClientImpl.<anonymous> (D:\2026\SID\Sistem Informasi\alihaudio\.next\dev\server\chunks\node_modules_@grpc_grpc-js_4855aa55._.js:4031:19)
    at D:\2026\SID\Sistem Informasi\alihaudio\.next\dev\server\chunks\node_modules_@google-cloud_text-to-speech_build_src_b8729027._.js:231:33
    at D:\2026\SID\Sistem Informasi\alihaudio\.next\dev\server\chunks\node_modules_google-gax_bf31150f._.js:14932:16
    at repeat (D:\2026\SID\Sistem Informasi\alihaudio\.next\dev\server\chunks\node_modules_google-gax_bf31150f._.js:15042:25)
    at D:\2026\SID\Sistem Informasi\alihaudio\.next\dev\server\chunks\node_modules_google-gax_bf31150f._.js:15078:13
    at OngoingCallPromise.call (D:\2026\SID\Sistem Informasi\alihaudio\.next\dev\server\chunks\node_modules_google-gax_bf31150f._.js:14760:27)
    at NormalApiCaller.call (D:\2026\SID\Sistem Informasi\alihaudio\.next\dev\server\chunks\node_modules_google-gax_bf31150f._.js:14849:19)
    at D:\2026\SID\Sistem Informasi\alihaudio\.next\dev\server\chunks\node_modules_google-gax_bf31150f._.js:15199:30
    at process.processTicksAndRejections (node:internal/process/task_queues:103:5)
